<?xml version="1.0" encoding="UTF-8"?>
<testng-results ignored="0" total="2" passed="2" failed="0" skipped="0">
  <reporter-output>
  </reporter-output>
  <suite started-at="2025-12-17T11:00:30 IST" name="Default suite" finished-at="2025-12-17T11:01:56 IST" duration-ms="86057">
    <groups>
    </groups>
    <test started-at="2025-12-17T11:00:30 IST" name="Default test" finished-at="2025-12-17T11:01:56 IST" duration-ms="86057">
      <class name="bulidVersionOne.CredentialsCheck">
        <test-method signature="runBuildBhuvanesh()[pri:1, instance:bulidVersionOne.CredentialsCheck@351d00c0]" started-at="2025-12-17T11:00:30 IST" name="runBuildBhuvanesh" finished-at="2025-12-17T11:01:20 IST" duration-ms="50032" status="PASS">
          <reporter-output>
          </reporter-output>
        </test-method> <!-- runBuildBhuvanesh -->
        <test-method signature="runBuildSeeni()[pri:2, instance:bulidVersionOne.CredentialsCheck@351d00c0]" started-at="2025-12-17T11:01:20 IST" name="runBuildSeeni" finished-at="2025-12-17T11:01:56 IST" duration-ms="35904" status="PASS">
          <reporter-output>
          </reporter-output>
        </test-method> <!-- runBuildSeeni -->
      </class> <!-- bulidVersionOne.CredentialsCheck -->
    </test> <!-- Default test -->
  </suite> <!-- Default suite -->
</testng-results>
