<?xml version="1.0" encoding="UTF-8"?>
<testng-results ignored="0" total="1" passed="1" failed="0" skipped="0">
  <reporter-output>
  </reporter-output>
  <suite started-at="2025-11-03T21:32:30 IST" name="Default suite" finished-at="2025-11-03T21:33:07 IST" duration-ms="37090">
    <groups>
    </groups>
    <test started-at="2025-11-03T21:32:30 IST" name="Default test" finished-at="2025-11-03T21:33:07 IST" duration-ms="37090">
      <class name="bulidVersionOne.CredentialsCheck">
        <test-method signature="runBuild()[pri:0, instance:bulidVersionOne.CredentialsCheck@20140db9]" started-at="2025-11-03T21:32:30 IST" name="runBuild" finished-at="2025-11-03T21:33:07 IST" duration-ms="37030" status="PASS">
          <reporter-output>
          </reporter-output>
        </test-method> <!-- runBuild -->
      </class> <!-- bulidVersionOne.CredentialsCheck -->
    </test> <!-- Default test -->
  </suite> <!-- Default suite -->
</testng-results>
