<?xml version="1.0" encoding="UTF-8"?>
<!-- Generated by org.testng.reporters.JUnitReportReporter -->
<testsuite hostname="DESKTOP-EI8VAKO" failures="0" tests="2" name="bulidVersionOne.CredentialsCheck" time="85.936" errors="0" timestamp="2025-12-17T11:01:56 IST" skipped="0">
  <testcase classname="bulidVersionOne.CredentialsCheck" name="runBuildBhuvanesh" time="50.032"/>
  <system-out/>
  <testcase classname="bulidVersionOne.CredentialsCheck" name="runBuildSeeni" time="35.904"/>
  <system-out/>
</testsuite> <!-- bulidVersionOne.CredentialsCheck -->
